<?xml version="1.0" encoding="UTF-8"?>
<testsuite xmlns:xsi="http://www.w3.org/2001/XMLSchema-instance" xsi:noNamespaceSchemaLocation="https://maven.apache.org/surefire/maven-surefire-plugin/xsd/surefire-test-report.xsd" name="org.learning.examples.ExamplesTests" time="0.124" tests="5" errors="0" skipped="0" failures="0">
  <properties>
    <property name="java.specification.version" value="17"/>
    <property name="sun.jnu.encoding" value="UTF-8"/>
    <property name="java.class.path" value="/home/ruslan/WebLearning/Java/Common/Learning/examples/target/test-classes:/home/ruslan/WebLearning/Java/Common/Learning/examples/target/classes:/home/ruslan/.m2/repository/junit/junit/4.11/junit-4.11.jar:/home/ruslan/.m2/repository/org/hamcrest/hamcrest-core/1.3/hamcrest-core-1.3.jar:"/>
    <property name="java.vm.vendor" value="Private Build"/>
    <property name="sun.arch.data.model" value="64"/>
    <property name="java.vendor.url" value="Unknown"/>
    <property name="os.name" value="Linux"/>
    <property name="java.vm.specification.version" value="17"/>
    <property name="sun.java.launcher" value="SUN_STANDARD"/>
    <property name="user.country" value="US"/>
    <property name="sun.boot.library.path" value="/usr/lib/jvm/java-17-openjdk-amd64/lib"/>
    <property name="sun.java.command" value="/home/ruslan/WebLearning/Java/Common/Learning/examples/target/surefire/surefirebooter10933154933407228566.jar /home/ruslan/WebLearning/Java/Common/Learning/examples/target/surefire 2022-08-13T21-36-20_641-jvmRun1 surefire18001592487251353852tmp surefire_09027122056665357516tmp"/>
    <property name="jdk.debug" value="release"/>
    <property name="surefire.test.class.path" value="/home/ruslan/WebLearning/Java/Common/Learning/examples/target/test-classes:/home/ruslan/WebLearning/Java/Common/Learning/examples/target/classes:/home/ruslan/.m2/repository/junit/junit/4.11/junit-4.11.jar:/home/ruslan/.m2/repository/org/hamcrest/hamcrest-core/1.3/hamcrest-core-1.3.jar:"/>
    <property name="sun.cpu.endian" value="little"/>
    <property name="user.home" value="/home/ruslan"/>
    <property name="user.language" value="en"/>
    <property name="java.specification.vendor" value="Oracle Corporation"/>
    <property name="java.version.date" value="2022-04-19"/>
    <property name="java.home" value="/usr/lib/jvm/java-17-openjdk-amd64"/>
    <property name="file.separator" value="/"/>
    <property name="basedir" value="/home/ruslan/WebLearning/Java/Common/Learning/examples"/>
    <property name="java.vm.compressedOopsMode" value="32-bit"/>
    <property name="line.separator" value="&#10;"/>
    <property name="java.vm.specification.vendor" value="Oracle Corporation"/>
    <property name="java.specification.name" value="Java Platform API Specification"/>
    <property name="surefire.real.class.path" value="/home/ruslan/WebLearning/Java/Common/Learning/examples/target/surefire/surefirebooter10933154933407228566.jar"/>
    <property name="sun.management.compiler" value="HotSpot 64-Bit Tiered Compilers"/>
    <property name="java.runtime.version" value="17.0.3+7-Ubuntu-0ubuntu0.20.04.1"/>
    <property name="user.name" value="ruslan"/>
    <property name="path.separator" value=":"/>
    <property name="os.version" value="5.13.0-52-generic"/>
    <property name="java.runtime.name" value="OpenJDK Runtime Environment"/>
    <property name="file.encoding" value="UTF-8"/>
    <property name="java.vm.name" value="OpenJDK 64-Bit Server VM"/>
    <property name="localRepository" value="/home/ruslan/.m2/repository"/>
    <property name="java.vendor.url.bug" value="Unknown"/>
    <property name="java.io.tmpdir" value="/tmp"/>
    <property name="java.version" value="17.0.3"/>
    <property name="user.dir" value="/home/ruslan/WebLearning/Java/Common/Learning/examples"/>
    <property name="os.arch" value="amd64"/>
    <property name="java.vm.specification.name" value="Java Virtual Machine Specification"/>
    <property name="native.encoding" value="UTF-8"/>
    <property name="java.library.path" value="/usr/java/packages/lib:/usr/lib/x86_64-linux-gnu/jni:/lib/x86_64-linux-gnu:/usr/lib/x86_64-linux-gnu:/usr/lib/jni:/lib:/usr/lib"/>
    <property name="java.vm.info" value="mixed mode, sharing"/>
    <property name="java.vendor" value="Private Build"/>
    <property name="java.vm.version" value="17.0.3+7-Ubuntu-0ubuntu0.20.04.1"/>
    <property name="sun.io.unicode.encoding" value="UnicodeLittle"/>
    <property name="java.class.version" value="61.0"/>
  </properties>
  <testcase name="shouldRemoveExampleWhenItExists" classname="org.learning.examples.ExamplesTests" time="0.011"/>
  <testcase name="shouldAddExampleWhenItDataCorrect" classname="org.learning.examples.ExamplesTests" time="0.006"/>
  <testcase name="shouldNotAddExampleWhenItNotValid" classname="org.learning.examples.ExamplesTests" time="0.001"/>
  <testcase name="shouldNotRemoveWhenExampleNotFound" classname="org.learning.examples.ExamplesTests" time="0.002"/>
  <testcase name="shouldNotAddExampleWhenItAlreadyExists" classname="org.learning.examples.ExamplesTests" time="0.002"/>
</testsuite>